==== result of eg5.1 ====
value of x, y:
x = 0, y = 0
after calling function with reference variables...
x = 1.13641, y = 3.20446
==== end of eg5.1 ====

==== result of eg5.2 ====
Newton-Raphson iteration with default criterion and maximum iteration:
iteration 0	 absolute residual 1.1000000000000000e+01
iteration 1	 absolute residual 8.9629629629629591e+01
iteration 2	 absolute residual 2.3766881388981076e+01
iteration 3	 absolute residual 4.8756387785933377e+00
iteration 4	 absolute residual 4.5447633233027140e-01
iteration 5	 absolute residual 5.5056850716272976e-03
iteration 6	 absolute residual 8.4158674873435757e-07
numerical solution: 2.2894285386275701e+00
Newton-Raphson iteration with criterion 1.0000000000000000e-10:
iteration 0	 absolute residual 1.1000000000000000e+01
iteration 1	 absolute residual 8.9629629629629591e+01
iteration 2	 absolute residual 2.3766881388981076e+01
iteration 3	 absolute residual 4.8756387785933377e+00
iteration 4	 absolute residual 4.5447633233027140e-01
iteration 5	 absolute residual 5.5056850716272976e-03
iteration 6	 absolute residual 8.4158674873435757e-07
iteration 7	 absolute residual 1.9539925233402755e-14
numerical solution: 2.2894284851066651e+00
==== end of eg5.2 ====

==== result of eg5.3 ====
vector data:
vector x:
0.0000000000000000e+00
1.0000000000000000e+00
2.0000000000000000e+00
3.0000000000000000e+00
4.0000000000000000e+00
after scaling 1.1000000000000001e+00, vector y:
0.0000000000000000e+00
1.1000000000000001e+00
2.2000000000000002e+00
3.3000000000000003e+00
4.4000000000000004e+00
matrix data:
matrix a:
0.0000000000000000e+00	1.0000000000000000e+00	2.0000000000000000e+00	3.0000000000000000e+00	4.0000000000000000e+00	
1.0000000000000000e+00	2.0000000000000000e+00	3.0000000000000000e+00	4.0000000000000000e+00	5.0000000000000000e+00	
2.0000000000000000e+00	3.0000000000000000e+00	4.0000000000000000e+00	5.0000000000000000e+00	6.0000000000000000e+00	
3.0000000000000000e+00	4.0000000000000000e+00	5.0000000000000000e+00	6.0000000000000000e+00	7.0000000000000000e+00	
4.0000000000000000e+00	5.0000000000000000e+00	6.0000000000000000e+00	7.0000000000000000e+00	8.0000000000000000e+00	
after scaling 1.1000000000000001e+00, matrix b:
0.0000000000000000e+00	1.1000000000000001e+00	2.2000000000000002e+00	3.3000000000000003e+00	4.4000000000000004e+00	
1.1000000000000001e+00	2.2000000000000002e+00	3.3000000000000003e+00	4.4000000000000004e+00	5.5000000000000000e+00	
2.2000000000000002e+00	3.3000000000000003e+00	4.4000000000000004e+00	5.5000000000000000e+00	6.6000000000000005e+00	
3.3000000000000003e+00	4.4000000000000004e+00	5.5000000000000000e+00	6.6000000000000005e+00	7.7000000000000011e+00	
4.4000000000000004e+00	5.5000000000000000e+00	6.6000000000000005e+00	7.7000000000000011e+00	8.8000000000000007e+00	
==== end of eg5.3 ====

==== result of eg5.4 ====
sin(x):
8.4147098480789650e-01
e^x:
2.7182818284590451e+00
==== end of eg5.4 ====

==== result of eg5.5 ====
solution of sqrt(x) = 10, with initial guess 1.0:
iteration	residual
0	9.0000000000000000e+00
1	5.6411010564593260e+00
2	1.7430042466516031e+00
3	1.5307478467747870e-01
4	1.1716631249267806e-03
5	6.8639723238561601e-08
6	0.0000000000000000e+00
numerical solution: 9.9999999999999986e+01

solution of x^3 = 10, with initial guess 1.0:
iteration	residual
0	9.0000000000000000e+00
1	5.4000000000000000e+01
2	1.3763671875000000e+01
3	2.4862523021571157e+00
4	1.6136920749513095e-01
5	8.5270900435041597e-04
6	2.4234793727373471e-08
7	1.7763568394002505e-15
numerical solution: 2.1544346900318838e+00
==== end of eg5.5 ====

==== result of ex5.4 ====
0.0000000000000000e+00
0.0000000000000000e+00
0.0000000000000000e+00
-6.1004233960000001e-02
0.0000000000000000e+00
0.0000000000000000e+00
-6.1004233960000001e-02
0.0000000000000000e+00
0.0000000000000000e+00
0.0000000000000000e+00
0.0000000000000000e+00
0.0000000000000000e+00
-8.9503454950000005e-02
0.0000000000000000e+00
0.0000000000000000e+00
-1.0324217710000000e-01
0.0000000000000000e+00
0.0000000000000000e+00
-1.0766333870000000e-01
0.0000000000000000e+00
0.0000000000000000e+00
-1.0815486930000000e-01
0.0000000000000000e+00
0.0000000000000000e+00
-1.0906377590000001e-01
0.0000000000000000e+00
0.0000000000000000e+00
-1.1267678030000000e-01
0.0000000000000000e+00
0.0000000000000000e+00
-9.0825380100000006e-02
0.0000000000000000e+00
0.0000000000000000e+00
-9.2364006629999995e-02
0.0000000000000000e+00
0.0000000000000000e+00
-1.0825317550000001e-01
0.0000000000000000e+00
0.0000000000000000e+00
-1.0497923330000000e-01
0.0000000000000000e+00
0.0000000000000000e+00
-1.0781180970000000e-01
0.0000000000000000e+00
0.0000000000000000e+00
-1.0776051780000000e-01
0.0000000000000000e+00
0.0000000000000000e+00
-1.0772394520000000e-01
0.0000000000000000e+00
0.0000000000000000e+00
-1.0772228289999999e-01
0.0000000000000000e+00
0.0000000000000000e+00
-1.0772109770000000e-01
0.0000000000000000e+00
0.0000000000000000e+00
-1.0772104389999999e-01
0.0000000000000000e+00
0.0000000000000000e+00
-1.0569743180000001e-01
0.0000000000000000e+00
0.0000000000000000e+00
-1.0212466510000000e-01
0.0000000000000000e+00
0.0000000000000000e+00
-1.0207405429999999e-01
0.0000000000000000e+00
0.0000000000000000e+00
-1.0207405429999999e-01
0.0000000000000000e+00
0.0000000000000000e+00
-1.0207405429999999e-01
0.0000000000000000e+00
0.0000000000000000e+00
-1.0207405429999999e-01
0.0000000000000000e+00
0.0000000000000000e+00
-1.0207405429999999e-01
0.0000000000000000e+00
0.0000000000000000e+00
-1.0207405429999999e-01
0.0000000000000000e+00
0.0000000000000000e+00
-1.0207405429999999e-01
0.0000000000000000e+00
0.0000000000000000e+00
-1.0207405429999999e-01
0.0000000000000000e+00
0.0000000000000000e+00
-1.0207405429999999e-01
0.0000000000000000e+00
0.0000000000000000e+00
-1.0207405429999999e-01
0.0000000000000000e+00
0.0000000000000000e+00
-1.0207405429999999e-01
0.0000000000000000e+00
0.0000000000000000e+00
-1.0207405429999999e-01
0.0000000000000000e+00
0.0000000000000000e+00
-1.0472224910000000e-01
0.0000000000000000e+00
0.0000000000000000e+00
-1.0472224910000000e-01
0.0000000000000000e+00
0.0000000000000000e+00
-1.0251542010000000e-01
0.0000000000000000e+00
0.0000000000000000e+00
-1.0516361489999999e-01
0.0000000000000000e+00
0.0000000000000000e+00
-1.0774332830000000e-01
0.0000000000000000e+00
0.0000000000000000e+00
-1.0790128760000001e-01
0.0000000000000000e+00
0.0000000000000000e+00
-1.0749568620000000e-01
0.0000000000000000e+00
0.0000000000000000e+00
-1.0619697230000000e-01
0.0000000000000000e+00
0.0000000000000000e+00
-9.0618421320000003e-02
0.0000000000000000e+00
0.0000000000000000e+00
-9.5214799150000001e-02
0.0000000000000000e+00
0.0000000000000000e+00
-1.0533807290000000e-01
0.0000000000000000e+00
0.0000000000000000e+00
-8.5598215020000007e-02
0.0000000000000000e+00
0.0000000000000000e+00
-8.4773949629999998e-02
0.0000000000000000e+00
0.0000000000000000e+00
-1.0452024800000000e-01
0.0000000000000000e+00
0.0000000000000000e+00
-9.2364006629999995e-02
0.0000000000000000e+00
0.0000000000000000e+00
-9.2364006629999995e-02
0.0000000000000000e+00
0.0000000000000000e+00
-9.2364006629999995e-02
0.0000000000000000e+00
0.0000000000000000e+00
-9.0825380100000006e-02
0.0000000000000000e+00
0.0000000000000000e+00
-1.1001290200000000e-01
0.0000000000000000e+00
0.0000000000000000e+00
-1.1419787130000000e-01
0.0000000000000000e+00
0.0000000000000000e+00
-1.1289682470000000e-01
0.0000000000000000e+00
0.0000000000000000e+00
-1.0267783840000000e-01
0.0000000000000000e+00
0.0000000000000000e+00
-1.0207405429999999e-01
0.0000000000000000e+00
0.0000000000000000e+00
-1.0207405429999999e-01
0.0000000000000000e+00
0.0000000000000000e+00
-1.0207405429999999e-01
0.0000000000000000e+00
0.0000000000000000e+00
-1.0207405429999999e-01
0.0000000000000000e+00
0.0000000000000000e+00
-1.0207405429999999e-01
0.0000000000000000e+00
0.0000000000000000e+00
-1.0207405429999999e-01
0.0000000000000000e+00
0.0000000000000000e+00
-1.0207405429999999e-01
0.0000000000000000e+00
0.0000000000000000e+00
-1.0207405429999999e-01
0.0000000000000000e+00
0.0000000000000000e+00
-1.0207405429999999e-01
0.0000000000000000e+00
0.0000000000000000e+00
-1.0207405429999999e-01
0.0000000000000000e+00
0.0000000000000000e+00
-1.0329542710000000e-01
0.0000000000000000e+00
0.0000000000000000e+00
-1.0937306619999999e-01
0.0000000000000000e+00
0.0000000000000000e+00
-9.0825380100000006e-02
0.0000000000000000e+00
0.0000000000000000e+00
-9.2364006629999995e-02
0.0000000000000000e+00
0.0000000000000000e+00
-9.2364006629999995e-02
0.0000000000000000e+00
0.0000000000000000e+00
-9.2364006629999995e-02
0.0000000000000000e+00
0.0000000000000000e+00
-9.2364006629999995e-02
0.0000000000000000e+00
0.0000000000000000e+00
-9.2364006629999995e-02
0.0000000000000000e+00
0.0000000000000000e+00
-9.2364006629999995e-02
0.0000000000000000e+00
0.0000000000000000e+00
-9.1048597290000005e-02
0.0000000000000000e+00
0.0000000000000000e+00
-1.1178964390000000e-01
0.0000000000000000e+00
0.0000000000000000e+00
-1.0825317550000001e-01
0.0000000000000000e+00
0.0000000000000000e+00
-1.0605184310000000e-01
0.0000000000000000e+00
0.0000000000000000e+00
-1.0721140600000000e-01
0.0000000000000000e+00
0.0000000000000000e+00
-8.8252552299999995e-02
0.0000000000000000e+00
0.0000000000000000e+00
-9.2364006629999995e-02
0.0000000000000000e+00
0.0000000000000000e+00
-9.2364006629999995e-02
0.0000000000000000e+00
0.0000000000000000e+00
-8.8639798650000004e-02
0.0000000000000000e+00
0.0000000000000000e+00
-9.3309838500000006e-02
0.0000000000000000e+00
0.0000000000000000e+00
0.0000000000000000e+00
0.0000000000000000e+00
0.0000000000000000e+00
0.0000000000000000e+00
0.0000000000000000e+00
0.0000000000000000e+00
0.0000000000000000e+00
0.0000000000000000e+00
0.0000000000000000e+00
-2.0616771189999999e-01
0.0000000000000000e+00
0.0000000000000000e+00
-2.1146101190000000e-01
0.0000000000000000e+00
0.0000000000000000e+00
-2.1815080610000001e-01
0.0000000000000000e+00
0.0000000000000000e+00
-2.3021965850000001e-01
0.0000000000000000e+00
0.0000000000000000e+00
-2.0883416980000000e-01
0.0000000000000000e+00
0.0000000000000000e+00
-2.1006109610000001e-01
0.0000000000000000e+00
0.0000000000000000e+00
-2.1004479479999999e-01
0.0000000000000000e+00
0.0000000000000000e+00
-2.1737851690000001e-01
0.0000000000000000e+00
0.0000000000000000e+00
-1.9898270370000001e-01
0.0000000000000000e+00
0.0000000000000000e+00
-2.0031862140000001e-01
0.0000000000000000e+00
0.0000000000000000e+00
-2.0031862140000001e-01
0.0000000000000000e+00
0.0000000000000000e+00
-2.0031862140000001e-01
0.0000000000000000e+00
0.0000000000000000e+00
-2.0031862140000001e-01
0.0000000000000000e+00
0.0000000000000000e+00
-2.0031862140000001e-01
0.0000000000000000e+00
0.0000000000000000e+00
-1.9650404920000000e-01
0.0000000000000000e+00
0.0000000000000000e+00
-1.9569307029999999e-01
0.0000000000000000e+00
0.0000000000000000e+00
-2.1653370089999999e-01
0.0000000000000000e+00
0.0000000000000000e+00
-2.1035386019999999e-01
0.0000000000000000e+00
0.0000000000000000e+00
-2.3601867949999999e-01
0.0000000000000000e+00
0.0000000000000000e+00
-2.2962784680000001e-01
0.0000000000000000e+00
0.0000000000000000e+00
-2.1487686389999999e-01
0.0000000000000000e+00
0.0000000000000000e+00
-2.1380847759999999e-01
0.0000000000000000e+00
0.0000000000000000e+00
-1.9542583320000001e-01
0.0000000000000000e+00
0.0000000000000000e+00
-2.0031862140000001e-01
0.0000000000000000e+00
0.0000000000000000e+00
-2.0031862140000001e-01
0.0000000000000000e+00
0.0000000000000000e+00
-2.0031862140000001e-01
0.0000000000000000e+00
0.0000000000000000e+00
-2.0031862140000001e-01
0.0000000000000000e+00
0.0000000000000000e+00
-2.0164076200000000e-01
0.0000000000000000e+00
0.0000000000000000e+00
-2.1815080610000001e-01
0.0000000000000000e+00
0.0000000000000000e+00
-2.2982132229999999e-01
0.0000000000000000e+00
0.0000000000000000e+00
-2.2981741740000000e-01
0.0000000000000000e+00
0.0000000000000000e+00
-2.2969692250000001e-01
0.0000000000000000e+00
0.0000000000000000e+00
-2.1884623400000000e-01
0.0000000000000000e+00
0.0000000000000000e+00
-2.1809507000000000e-01
0.0000000000000000e+00
0.0000000000000000e+00
-2.1054342779999999e-01
0.0000000000000000e+00
0.0000000000000000e+00
-2.3207376780000000e-01
0.0000000000000000e+00
0.0000000000000000e+00
-1.8757858699999999e-01
0.0000000000000000e+00
0.0000000000000000e+00
-2.0840173519999999e-01
0.0000000000000000e+00
0.0000000000000000e+00
-1.7384184310000000e-01
0.0000000000000000e+00
0.0000000000000000e+00
-2.2673252220000001e-01
0.0000000000000000e+00
0.0000000000000000e+00
-2.0465529769999999e-01
0.0000000000000000e+00
0.0000000000000000e+00
-2.2159616169999999e-01
0.0000000000000000e+00
0.0000000000000000e+00
-1.9857618850000000e-01
0.0000000000000000e+00
0.0000000000000000e+00
-2.1208949710000000e-01
0.0000000000000000e+00
0.0000000000000000e+00
-2.0957081480000000e-01
0.0000000000000000e+00
0.0000000000000000e+00
-1.9308626309999999e-01
0.0000000000000000e+00
0.0000000000000000e+00
-1.9911862480000000e-01
0.0000000000000000e+00
0.0000000000000000e+00
-2.2791425220000000e-01
0.0000000000000000e+00
0.0000000000000000e+00
-2.2393660800000001e-01
0.0000000000000000e+00
0.0000000000000000e+00
-1.9641059329999999e-01
0.0000000000000000e+00
0.0000000000000000e+00
-1.9498412530000001e-01
0.0000000000000000e+00
0.0000000000000000e+00
-2.2164002190000001e-01
0.0000000000000000e+00
0.0000000000000000e+00
-2.0045150430000000e-01
0.0000000000000000e+00
0.0000000000000000e+00
-1.7885618589999999e-01
0.0000000000000000e+00
0.0000000000000000e+00
-1.9909015930000001e-01
0.0000000000000000e+00
0.0000000000000000e+00
-2.1444894649999999e-01
0.0000000000000000e+00
0.0000000000000000e+00
-2.1039481190000001e-01
0.0000000000000000e+00
0.0000000000000000e+00
-2.0050626429999999e-01
0.0000000000000000e+00
0.0000000000000000e+00
-2.0073897490000001e-01
0.0000000000000000e+00
0.0000000000000000e+00
-2.3584730890000000e-01
0.0000000000000000e+00
0.0000000000000000e+00
-2.1005560960000000e-01
0.0000000000000000e+00
0.0000000000000000e+00
-2.0078486719999999e-01
0.0000000000000000e+00
0.0000000000000000e+00
-2.0079240870000001e-01
0.0000000000000000e+00
0.0000000000000000e+00
-2.3604031959999999e-01
0.0000000000000000e+00
0.0000000000000000e+00
-2.1004461699999999e-01
0.0000000000000000e+00
0.0000000000000000e+00
-2.0648042710000000e-01
0.0000000000000000e+00
0.0000000000000000e+00
-2.2353903300000000e-01
0.0000000000000000e+00
0.0000000000000000e+00
-2.1513268780000000e-01
0.0000000000000000e+00
0.0000000000000000e+00
-1.9954876229999999e-01
0.0000000000000000e+00
0.0000000000000000e+00
-2.0031862140000001e-01
0.0000000000000000e+00
0.0000000000000000e+00
-2.3479322570000000e-01
0.0000000000000000e+00
0.0000000000000000e+00
-2.0031862140000001e-01
0.0000000000000000e+00
0.0000000000000000e+00
-2.3612415319999999e-01
0.0000000000000000e+00
0.0000000000000000e+00
-2.0031862140000001e-01
0.0000000000000000e+00
0.0000000000000000e+00
-2.3612415319999999e-01
0.0000000000000000e+00
0.0000000000000000e+00
-2.0031862140000001e-01
0.0000000000000000e+00
0.0000000000000000e+00
-2.3612415319999999e-01
0.0000000000000000e+00
0.0000000000000000e+00
-2.0031862140000001e-01
0.0000000000000000e+00
0.0000000000000000e+00
-2.3612415319999999e-01
0.0000000000000000e+00
0.0000000000000000e+00
-1.9916042170000001e-01
0.0000000000000000e+00
0.0000000000000000e+00
-2.3452806000000001e-01
0.0000000000000000e+00
0.0000000000000000e+00
-2.2012989440000000e-01
0.0000000000000000e+00
0.0000000000000000e+00
-2.2174249879999999e-01
0.0000000000000000e+00
0.0000000000000000e+00
-1.9834815530000000e-01
0.0000000000000000e+00
0.0000000000000000e+00
-2.2115613020000000e-01
0.0000000000000000e+00
0.0000000000000000e+00
-2.0617284370000000e-01
0.0000000000000000e+00
0.0000000000000000e+00
-2.1383089380000000e-01
0.0000000000000000e+00
0.0000000000000000e+00
-2.1112882259999999e-01
0.0000000000000000e+00
0.0000000000000000e+00
-2.0181178200000000e-01
0.0000000000000000e+00
0.0000000000000000e+00
-1.9849721719999999e-01
0.0000000000000000e+00
0.0000000000000000e+00
-2.3582060710000000e-01
0.0000000000000000e+00
0.0000000000000000e+00
-2.0577636590000001e-01
0.0000000000000000e+00
0.0000000000000000e+00
-2.0493319080000000e-01
0.0000000000000000e+00
0.0000000000000000e+00
-1.9633296049999999e-01
0.0000000000000000e+00
0.0000000000000000e+00
-1.9678689390000001e-01
0.0000000000000000e+00
0.0000000000000000e+00
-2.1834991549999999e-01
0.0000000000000000e+00
0.0000000000000000e+00
-1.9994374170000001e-01
0.0000000000000000e+00
0.0000000000000000e+00
-2.3592217930000001e-01
0.0000000000000000e+00
0.0000000000000000e+00
-2.0031862140000001e-01
0.0000000000000000e+00
0.0000000000000000e+00
-2.3612415319999999e-01
0.0000000000000000e+00
0.0000000000000000e+00
-2.0031862140000001e-01
0.0000000000000000e+00
0.0000000000000000e+00
-2.3612415319999999e-01
0.0000000000000000e+00
0.0000000000000000e+00
-2.0031862140000001e-01
0.0000000000000000e+00
0.0000000000000000e+00
-2.3612415319999999e-01
0.0000000000000000e+00
0.0000000000000000e+00
-2.0031862140000001e-01
0.0000000000000000e+00
0.0000000000000000e+00
-2.3629094119999999e-01
0.0000000000000000e+00
0.0000000000000000e+00
-2.0781636640000001e-01
0.0000000000000000e+00
0.0000000000000000e+00
-2.1298699879999999e-01
0.0000000000000000e+00
0.0000000000000000e+00
-2.1092115840000000e-01
0.0000000000000000e+00
0.0000000000000000e+00
-1.6475382420000001e-01
0.0000000000000000e+00
0.0000000000000000e+00
-1.9032508530000000e-01
0.0000000000000000e+00
0.0000000000000000e+00
-2.1953594069999999e-01
0.0000000000000000e+00
0.0000000000000000e+00
-1.9899652830000000e-01
0.0000000000000000e+00
0.0000000000000000e+00
-1.9041334639999999e-01
0.0000000000000000e+00
0.0000000000000000e+00
-1.7444436790000001e-01
0.0000000000000000e+00
0.0000000000000000e+00
-1.7507020630000000e-01
0.0000000000000000e+00
0.0000000000000000e+00
-2.3178613570000001e-01
0.0000000000000000e+00
0.0000000000000000e+00
-1.3219911740000001e-01
0.0000000000000000e+00
0.0000000000000000e+00
-1.1586920980000000e-01
0.0000000000000000e+00
0.0000000000000000e+00
-1.4763280170000001e-01
0.0000000000000000e+00
0.0000000000000000e+00
-1.5017713610000000e-01
0.0000000000000000e+00
0.0000000000000000e+00
-1.5291137420000001e-01
0.0000000000000000e+00
0.0000000000000000e+00
-1.5431981980000001e-01
0.0000000000000000e+00
0.0000000000000000e+00
-1.4701729520000001e-01
0.0000000000000000e+00
0.0000000000000000e+00
-1.5909049540000000e-01
0.0000000000000000e+00
0.0000000000000000e+00
-1.5909049540000000e-01
0.0000000000000000e+00
0.0000000000000000e+00
-1.5909049540000000e-01
0.0000000000000000e+00
0.0000000000000000e+00
-1.5909049540000000e-01
0.0000000000000000e+00
0.0000000000000000e+00
-1.5344701710000000e-01
0.0000000000000000e+00
0.0000000000000000e+00
-1.5909049540000000e-01
0.0000000000000000e+00
0.0000000000000000e+00
-1.5909049540000000e-01
0.0000000000000000e+00
0.0000000000000000e+00
-1.5312310809999999e-01
0.0000000000000000e+00
0.0000000000000000e+00
-1.5740621950000000e-01
0.0000000000000000e+00
0.0000000000000000e+00
-1.5909049540000000e-01
0.0000000000000000e+00
0.0000000000000000e+00
-1.5911972090000001e-01
0.0000000000000000e+00
0.0000000000000000e+00
-1.5188210599999999e-01
0.0000000000000000e+00
0.0000000000000000e+00
-1.5909049540000000e-01
0.0000000000000000e+00
0.0000000000000000e+00
-1.5909049540000000e-01
0.0000000000000000e+00
0.0000000000000000e+00
-1.4853975340000000e-01
0.0000000000000000e+00
0.0000000000000000e+00
-1.3971597790000001e-01
0.0000000000000000e+00
0.0000000000000000e+00
-1.5905237259999999e-01
0.0000000000000000e+00
0.0000000000000000e+00
-1.4720856290000001e-01
0.0000000000000000e+00
0.0000000000000000e+00
-1.4720856290000001e-01
0.0000000000000000e+00
0.0000000000000000e+00
-1.5937284779999999e-01
0.0000000000000000e+00
0.0000000000000000e+00
-1.4720856290000001e-01
0.0000000000000000e+00
0.0000000000000000e+00
-1.5291137420000001e-01
0.0000000000000000e+00
0.0000000000000000e+00
-1.5935408140000001e-01
0.0000000000000000e+00
0.0000000000000000e+00
-1.5877500259999999e-01
0.0000000000000000e+00
0.0000000000000000e+00
-1.5291137420000001e-01
0.0000000000000000e+00
0.0000000000000000e+00
-1.2596964450000001e-01
0.0000000000000000e+00
0.0000000000000000e+00
-1.4313579660000000e-01
0.0000000000000000e+00
0.0000000000000000e+00
-1.3962371370000001e-01
0.0000000000000000e+00
0.0000000000000000e+00
-1.3950654250000000e-01
0.0000000000000000e+00
0.0000000000000000e+00
-1.9240649779999999e-01
0.0000000000000000e+00
0.0000000000000000e+00
-1.4767365029999999e-01
0.0000000000000000e+00
0.0000000000000000e+00
-9.0494112139999999e-02
0.0000000000000000e+00
0.0000000000000000e+00
-1.2388184580000000e-01
0.0000000000000000e+00
0.0000000000000000e+00
-1.2467399060000001e-01
0.0000000000000000e+00
0.0000000000000000e+00
-1.2747542270000001e-01
0.0000000000000000e+00
0.0000000000000000e+00
-9.0445367570000004e-02
0.0000000000000000e+00
0.0000000000000000e+00
-1.2230434140000000e-01
0.0000000000000000e+00
0.0000000000000000e+00
-9.0512419390000001e-02
0.0000000000000000e+00
0.0000000000000000e+00
-1.5896489820000001e-01
0.0000000000000000e+00
0.0000000000000000e+00
mean is -5.2564287441155384e-02
standard deviation is 8.1071298435568415e-02
==== end of ex5.4 ====

==== result of ex5.10 ====
size of vector: 753
size of matrix: m = 753, n = 753, nnz = 14175
>>>> numerical solution:
753
-nan
-nan
-nan
-nan
-nan
-nan
-nan
-nan
-nan
-nan
-nan
-nan
-nan
-nan
-nan
-nan
-nan
7.8313576782301669e-06
-nan
-nan
-nan
-nan
-nan
-nan
-nan
-nan
-nan
-nan
-nan
-nan
-nan
-nan
-nan
-nan
-nan
-nan
-nan
-nan
-nan
-nan
-nan
-nan
-nan
-nan
-nan
-nan
-nan
-nan
-nan
-nan
-nan
-nan
-nan
-nan
-nan
-nan
-nan
-nan
-nan
-nan
-nan
-nan
-nan
-nan
-nan
-nan
-nan
-nan
-nan
-nan
-nan
-nan
-nan
-nan
-nan
-nan
-nan
-nan
-nan
-nan
-nan
-nan
-nan
-nan
-nan
-nan
-nan
-nan
-nan
-nan
-nan
-nan
-nan
-nan
-nan
-nan
-nan
-nan
-nan
-nan
-nan
-nan
-nan
-nan
-nan
-nan
-nan
-nan
-nan
-nan
-nan
-nan
-nan
-nan
-nan
-nan
-nan
-nan
-nan
-nan
-nan
-nan
-nan
-nan
-nan
-nan
-nan
-nan
-nan
-nan
-nan
-nan
-nan
-nan
-nan
-nan
-nan
-nan
-nan
-nan
-nan
-nan
-nan
-nan
-nan
-nan
-nan
-nan
-nan
-nan
-nan
-nan
-nan
-nan
-nan
-nan
-nan
-nan
-nan
-nan
-nan
-nan
-nan
-nan
-nan
-nan
-nan
-nan
-nan
-nan
-nan
-nan
-nan
-nan
-nan
-nan
-nan
-nan
-nan
-nan
-nan
-nan
-nan
-nan
-nan
-nan
-nan
-nan
-nan
-nan
-nan
-nan
-nan
-nan
-nan
-nan
-nan
-nan
-nan
-nan
-nan
-nan
-nan
-nan
-nan
-nan
-nan
-nan
-nan
-nan
-nan
-nan
-nan
-nan
-nan
-nan
-nan
-nan
-nan
-nan
-nan
-nan
-nan
-nan
-nan
-nan
-nan
-nan
-nan
-nan
-nan
-nan
-nan
-nan
-nan
-nan
-nan
-nan
-nan
-nan
-nan
-nan
-nan
-nan
-nan
-nan
-nan
-nan
-nan
-nan
-nan
-nan
-nan
-nan
-nan
-nan
-nan
-nan
-nan
-nan
-nan
-nan
-nan
-nan
-nan
-nan
-nan
-nan
-nan
-nan
-nan
-nan
-nan
-nan
-nan
-nan
-nan
-nan
-nan
-nan
-nan
-nan
-nan
-nan
-nan
-nan
-nan
-nan
-nan
-nan
-nan
-nan
-nan
-nan
-nan
-nan
-nan
-nan
-nan
-nan
-nan
-nan
-nan
-nan
-nan
-nan
-nan
-nan
-nan
-nan
-nan
-nan
-nan
-nan
-nan
-nan
-nan
-nan
-nan
-nan
-nan
-nan
-nan
-nan
-nan
-nan
-nan
-nan
-nan
-nan
-nan
-nan
-nan
-nan
-nan
-nan
-nan
-nan
-nan
-nan
-nan
-nan
-nan
-nan
-nan
-nan
-nan
-nan
-nan
-nan
-nan
-nan
-nan
-nan
-nan
-nan
-nan
-nan
-nan
-nan
-nan
-nan
-nan
-nan
-nan
-nan
-nan
-nan
-nan
-nan
-nan
-nan
-nan
-nan
-nan
-nan
-nan
-nan
-nan
-nan
-nan
-nan
-nan
2.8690385431271058e-05
-nan
-nan
-nan
-nan
-nan
-nan
-nan
-nan
-nan
-nan
-nan
-nan
-nan
-nan
-nan
-nan
-nan
-nan
-nan
-nan
-nan
-nan
-nan
2.0225984931681251e-05
-nan
-nan
-nan
-nan
-nan
-nan
-nan
-nan
-nan
-nan
-nan
-nan
-nan
-nan
-nan
-nan
-nan
-nan
-nan
-nan
-nan
-nan
-nan
-nan
-nan
-nan
-2.9926266233266157e-05
-nan
-nan
-nan
-nan
-nan
-nan
-nan
-nan
-nan
-nan
-nan
-nan
-nan
-nan
-nan
-nan
-nan
-nan
-nan
-nan
-nan
-nan
-nan
-nan
-nan
-nan
-nan
-nan
-nan
-nan
-nan
-nan
-nan
-nan
-nan
-nan
-nan
-nan
-nan
-nan
-nan
-nan
-nan
-nan
-nan
-nan
-nan
-nan
-nan
-nan
-nan
-nan
-nan
-nan
-nan
-nan
-nan
-nan
-nan
-nan
-nan
-nan
-nan
-nan
-nan
-nan
-nan
-nan
-nan
-nan
-nan
-nan
-nan
-nan
-nan
-nan
-nan
-nan
-nan
-nan
-nan
-nan
-nan
-nan
-nan
-nan
-nan
-nan
-nan
-nan
-nan
-nan
-nan
-nan
-nan
-nan
-nan
-nan
-nan
-nan
-nan
-nan
-nan
-nan
-nan
-nan
-nan
-nan
-nan
-nan
-nan
-nan
-nan
-nan
-nan
-nan
-nan
-nan
-nan
-nan
-nan
-nan
-nan
-nan
-nan
-6.7515557283540610e-05
-nan
-nan
-nan
-nan
-nan
-nan
-nan
-nan
-nan
-nan
-nan
7.2373680160771185e-06
-nan
-nan
-nan
-nan
-nan
-nan
-nan
-nan
-nan
5.8101648055548193e-06
5.1107787302966568e-04
2.5807470144898895e-05
-nan
-nan
-nan
-nan
-nan
-nan
-nan
-nan
-nan
-nan
-nan
-nan
-nan
-nan
-nan
-nan
-nan
-nan
2.1138863394298174e-06
-1.5271043109072322e-05
-8.0172457256383095e-06
-1.6615813331094297e-07
-1.4910460803179200e-05
-1.7553413441058752e-05
-nan
-nan
-nan
-nan
-nan
-1.1537201725481346e-03
-nan
-nan
-nan
-nan
-nan
-nan
-nan
inf
inf
-nan
-nan
-nan
-nan
-nan
-nan
-1.1799112317142873e-06
-2.8536306856226788e-05
-4.2722478030693956e-05
-2.9305726770984458e-06
1.7406272405318038e-05
-1.9061606255430026e-05
-nan
-inf
inf
-inf
inf
-inf
-inf
inf
inf
-nan
inf
inf
-nan
-inf
-inf
-nan
-nan
inf
-nan
inf
inf
-nan
inf
inf
-2.9059189348482275e-06
-3.4576879835159372e-06
-5.0585211760260989e-07
-nan
inf
inf
-1.8395111219203531e-05
1.6448768062626231e-05
3.5664069610966313e-05
4.6922768439922177e-06
1.0523578028690314e-04
-1.6434426408638172e-06
-inf
-inf
-inf
-nan
-inf
inf
1.7112935370857470e-07
3.7113545441335284e-06
-5.9979501069999657e-07
-nan
-nan
-inf
-nan
inf
-inf
-9.4474386773730213e-08
-1.0223582359810070e-06
4.1574400869989561e-06
1.6059810011553954e-07
7.3212200824231193e-06
-2.7414240041995588e-06
-nan
-8.7981497576448289e-06
-5.9406137165115924e-06
-nan
-inf
-inf
-1.3105605777507044e-06
1.6906711510913698e-05
-1.0622358510926777e-05
-nan
-1.5266722041780968e-05
4.2601061708523000e-06
-nan
1.1738978127223230e-06
8.2800497821317237e-06
-nan
-nan
-nan
3.3578749036179662e-05
1.2521078194650503e-05
-4.0188134226450242e-04
-9.8662365202012597e-07
-7.1087399323111665e-05
4.3104466713237841e-06
-9.0483888035913059e-06
4.2917905068060452e-06
3.9444638431560341e-05
2.2201650686545846e-05
-1.1587182192801296e-03
-1.9715804194319238e-03
-nan
-inf
inf
4.2457770327889839e-06
6.8744552101772975e-06
-3.0491863000216479e-05
-5.4276860763746107e-07
8.2122779239784567e-06
3.2886980260457485e-06
-nan
-nan
-nan
inf
inf
inf
-inf
-inf
inf
-nan
-inf
inf
-nan
-nan
-nan
-nan
inf
-inf
-inf
inf
inf
>>>> end numerical solution
==== end of ex5.10 ====
